utils/build-script: note: using preset "tensorflow_test", which expands to 

utils/build-script --assertions --no-swift-stdlib-assertions --swift-enable-ast-verifier=0 --enable-tensorflow --release --test --test-optimized --validation-test

utils/build-script: note: Using toolchain default
+ mkdir -p /usr/local/google/home/burmako/swift-base/build/Ninja-ReleaseAssert+stdlib-Release
+ /usr/bin/cmake --build /usr/local/google/home/burmako/swift-base/build/Ninja-ReleaseAssert+stdlib-Release/cmark-linux-x86_64 -- -j72 all
ninja: no work to do.
symlinking the system headers (/usr/include/c++) into the local clang build directory (/usr/local/google/home/burmako/swift-base/build/Ninja-ReleaseAssert+stdlib-Release/llvm-linux-x86_64/include).
+ ln -s -f /usr/include/c++ /usr/local/google/home/burmako/swift-base/build/Ninja-ReleaseAssert+stdlib-Release/llvm-linux-x86_64/include
+ /usr/bin/cmake --build /usr/local/google/home/burmako/swift-base/build/Ninja-ReleaseAssert+stdlib-Release/llvm-linux-x86_64 -- -j72 all
ninja: no work to do.
WARNING: Running Bazel server needs to be killed, because the startup options are different.
WARNING: --batch mode is deprecated. Please instead explicitly shut down your Bazel server using the command "bazel shutdown".
You have bazel 0.25.2 installed.
Please specify the location of python. [Default is /usr/bin/python]: 

Invalid python path: yes  cannot be found.
Please specify the location of python. [Default is /usr/bin/python]: 

Found possible Python library paths:
  /usr/local/lib/python2.7/dist-packages
  /usr/lib/python2.7/dist-packages
  /usr/local/buildtools/current/sitecustomize
Please input the desired Python library path to use.  Default is [/usr/local/lib/python2.7/dist-packages]
Do you wish to build TensorFlow with XLA JIT support? [Y/n]: XLA JIT support will be enabled for TensorFlow.

Do you wish to build TensorFlow with OpenCL SYCL support? [y/N]: No OpenCL SYCL support will be enabled for TensorFlow.

Do you wish to build TensorFlow with ROCm support? [y/N]: No ROCm support will be enabled for TensorFlow.

Do you wish to build TensorFlow with CUDA support? [y/N]: No CUDA support will be enabled for TensorFlow.

Do you wish to download a fresh release of clang? (Experimental) [y/N]: Clang will not be downloaded.

Do you wish to build TensorFlow with MPI support? [y/N]: No MPI support will be enabled for TensorFlow.

Please specify optimization flags to use during compilation when bazel option "--config=opt" is specified [Default is -march=native -Wno-sign-compare]: 

Would you like to interactively configure ./WORKSPACE for Android builds? [y/N]: Not configuring the WORKSPACE for Android builds.

Preconfigured Bazel build configs. You can use any of the below by adding "--config=<>" to your build command. See .bazelrc for more details.
	--config=mkl         	# Build with MKL support.
	--config=monolithic  	# Config for mostly static monolithic build.
	--config=gdr         	# Build with GDR support.
	--config=verbs       	# Build with libverbs support.
	--config=ngraph      	# Build with Intel nGraph support.
	--config=numa        	# Build with NUMA support.
	--config=dynamic_kernels	# (Experimental) Build kernels into separate shared objects.
Preconfigured Bazel build configs to DISABLE default on features:
	--config=noaws       	# Disable AWS S3 filesystem support.
	--config=nogcp       	# Disable GCP support.
	--config=nohdfs      	# Disable HDFS support.
	--config=noignite    	# Disable Apache Ignite support.
	--config=nokafka     	# Disable Apache Kafka support.
	--config=nonccl      	# Disable NVIDIA NCCL support.
Configuration finished
+ pushd /usr/local/google/home/burmako/swift-base/tensorflow
~/swift-base/tensorflow ~/swift-base/swift
+ bazel build -c opt --define framework_shared_object=false //tensorflow:libtensorflow.so //tensorflow:libtensorflow_framework.so
Starting local Bazel server and connecting to it...
Loading: 
Loading: 0 packages loaded
Loading: 1 packages loaded
Analyzing: 2 targets (1 packages loaded, 0 targets configured)
Analyzing: 2 targets (99 packages loaded, 3167 targets configured)
Analyzing: 2 targets (120 packages loaded, 11011 targets configured)
INFO: Analyzed 2 targets (152 packages loaded, 15316 targets configured).
INFO: Found 2 targets...
[0 / 10] [-----] BazelWorkspaceStatusAction stable-status.txt
[2,840 / 4,169] checking cached actions
INFO: Elapsed time: 13.020s, Critical Path: 6.30s
INFO: 0 processes.
INFO: Build completed successfully, 1 total action
INFO: Build completed successfully, 1 total action
+ popd
~/swift-base/swift
+ mkdir -p /usr/local/google/home/burmako/swift-base/build/Ninja-ReleaseAssert+stdlib-Release/swift-linux-x86_64/bin/../lib/swift/linux
+ /usr/bin/cmake --build /usr/local/google/home/burmako/swift-base/build/Ninja-ReleaseAssert+stdlib-Release/swift-linux-x86_64 -- -j72 all swift-stdlib-linux-x86_64
[1/82][  1%][0.029s] Performing build step for 'libdispatch'
ninja: no work to do.
[2/80][  2%][0.070s] Generating SwiftRevision.inc
[3/80][  3%][1.389s] Building CXX object lib/Basic/CMakeFiles/swiftBasic.dir/Version.cpp.o
[4/80][  5%][1.423s] Linking CXX static library lib/libswiftBasic.a
[5/80][  6%][1.872s] Linking CXX shared library lib/lib_InternalSwiftSyntaxParser.so
[6/80][  7%][1.982s] Linking CXX executable bin/swift-syntax-parser-test
[7/80][  8%][3.000s] Linking CXX executable bin/swift-syntax-test
[8/80][ 10%][3.195s] Linking CXX shared library lib/libsourcekitdInProc.so
[9/80][ 11%][3.361s] Linking CXX executable bin/complete-test
[10/80][ 12%][3.369s] Linking CXX executable bin/sil-func-extractor
[11/80][ 13%][3.374s] Linking CXX executable bin/sil-passpipeline-dumper
[12/80][ 15%][3.381s] Linking CXX executable bin/sourcekitd-repl
[13/80][ 16%][3.391s] Linking CXX executable bin/sourcekitd-test
[14/80][ 17%][3.414s] Linking CXX executable bin/swift-refactor
[15/80][ 18%][3.422s] Linking CXX executable bin/sil-nm
[16/80][ 20%][3.442s] Linking CXX executable bin/swift-llvm-opt
[17/80][ 21%][3.442s] Linking CXX executable bin/swift-ide-test
[18/80][ 22%][3.473s] Linking CXX executable bin/lldb-moduleimport-test
[19/80][ 23%][3.513s] Linking CXX executable bin/sil-opt
[20/80][ 25%][3.549s] Linking CXX executable bin/swift-api-digester
[21/80][ 26%][3.568s] Linking CXX executable bin/sil-llvm-gen
[22/80][ 27%][3.603s] Linking CXX executable bin/swift
[23/80][ 28%][3.688s] Linking CXX executable bin/swift-remoteast-test
[24/80][ 30%][64.529s] Generating /usr/local/google/home/burmako/swift-base/build/Ninja-ReleaseAssert+stdlib-Release/swift-linux-x86_64/./lib/swift/linux/x86_64/Swift.swiftmodule
[25/80][ 31%][64.785s] Generating /usr/local/google/home/burmako/swift-base/build/Ninja-ReleaseAssert+stdlib-Release/swift-linux-x86_64/./lib/swift/linux/x86_64/DifferentiationUnittest.swiftmodule
<unknown>:0: warning: module interfaces are only supported with -enable-library-evolution
[26/80][ 32%][65.024s] Compiling /usr/local/google/home/burmako/swift-base/build/Ninja-ReleaseAssert+stdlib-Release/swift-linux-x86_64/stdlib/private/DifferentiationUnittest/LINUX/x86_64/DifferentiationUnittest.o
[27/80][ 33%][65.380s] Generating /usr/local/google/home/burmako/swift-base/build/Ninja-ReleaseAssert+stdlib-Release/swift-linux-x86_64/./lib/swift/linux/x86_64/SwiftOnoneSupport.swiftmodule
[28/80][ 35%][65.446s] Generating /usr/local/google/home/burmako/swift-base/build/Ninja-ReleaseAssert+stdlib-Release/swift-linux-x86_64/./lib/swift/linux/x86_64/Glibc.swiftmodule
[29/80][ 36%][65.532s] Generating /usr/local/google/home/burmako/swift-base/build/Ninja-ReleaseAssert+stdlib-Release/swift-linux-x86_64/./lib/swift/linux/x86_64/SwiftPrivate.swiftmodule
[30/80][ 37%][65.790s] Generating /usr/local/google/home/burmako/swift-base/build/Ninja-ReleaseAssert+stdlib-Release/swift-linux-x86_64/./lib/swift/linux/x86_64/SwiftPrivateThreadExtras.swiftmodule
[31/80][ 38%][65.888s] Compiling /usr/local/google/home/burmako/swift-base/build/Ninja-ReleaseAssert+stdlib-Release/swift-linux-x86_64/stdlib/private/SwiftPrivateThreadExtras/LINUX/x86_64/SwiftPrivateThreadExtras.o
[32/80][ 40%][66.072s] Compiling /usr/local/google/home/burmako/swift-base/build/Ninja-ReleaseAssert+stdlib-Release/swift-linux-x86_64/stdlib/public/Platform/LINUX/x86_64/Glibc.o
[33/80][ 41%][66.152s] Generating /usr/local/google/home/burmako/swift-base/build/Ninja-ReleaseAssert+stdlib-Release/swift-linux-x86_64/./lib/swift/linux/x86_64/SwiftPrivateLibcExtras.swiftmodule
[34/80][ 42%][66.406s] Compiling /usr/local/google/home/burmako/swift-base/build/Ninja-ReleaseAssert+stdlib-Release/swift-linux-x86_64/stdlib/private/SwiftPrivateLibcExtras/LINUX/x86_64/SwiftPrivateLibcExtras.o
[35/80][ 43%][66.480s] Compiling /usr/local/google/home/burmako/swift-base/build/Ninja-ReleaseAssert+stdlib-Release/swift-linux-x86_64/stdlib/private/SwiftPrivate/LINUX/x86_64/SwiftPrivate.o
[36/80][ 45%][66.967s] Generating /usr/local/google/home/burmako/swift-base/build/Ninja-ReleaseAssert+stdlib-Release/swift-linux-x86_64/./lib/swift/linux/x86_64/Python.swiftmodule
[37/80][ 46%][69.213s] Generating /usr/local/google/home/burmako/swift-base/build/Ninja-ReleaseAssert+stdlib-Release/swift-linux-x86_64/./lib/swift/linux/x86_64/StdlibUnittest.swiftmodule
[38/80][ 47%][69.276s] Compiling /usr/local/google/home/burmako/swift-base/build/Ninja-ReleaseAssert+stdlib-Release/swift-linux-x86_64/stdlib/private/RuntimeUnittest/LINUX/x86_64/RuntimeUnittest.o
[39/80][ 48%][69.286s] Generating /usr/local/google/home/burmako/swift-base/build/Ninja-ReleaseAssert+stdlib-Release/swift-linux-x86_64/./lib/swift/linux/x86_64/RuntimeUnittest.swiftmodule
[40/80][ 50%][69.772s] Compiling /usr/local/google/home/burmako/swift-base/build/Ninja-ReleaseAssert+stdlib-Release/swift-linux-x86_64/stdlib/public/Python/LINUX/x86_64/Python.o
[41/80][ 51%][70.106s] Generating /usr/local/google/home/burmako/swift-base/build/Ninja-ReleaseAssert+stdlib-Release/swift-linux-x86_64/./lib/swift/linux/x86_64/StdlibUnicodeUnittest.swiftmodule
[42/80][ 52%][71.875s] Compiling /usr/local/google/home/burmako/swift-base/build/Ninja-ReleaseAssert+stdlib-Release/swift-linux-x86_64/stdlib/private/StdlibUnicodeUnittest/LINUX/x86_64/StdlibUnicodeUnittest.o
[43/80][ 53%][72.106s] Compiling /usr/local/google/home/burmako/swift-base/build/Ninja-ReleaseAssert+stdlib-Release/swift-linux-x86_64/stdlib/public/SwiftOnoneSupport/LINUX/x86_64/SwiftOnoneSupport.o
[44/80][ 55%][76.033s] Compiling /usr/local/google/home/burmako/swift-base/build/Ninja-ReleaseAssert+stdlib-Release/swift-linux-x86_64/stdlib/private/StdlibUnittest/LINUX/x86_64/StdlibUnittest.o
[45/80][ 56%][76.245s] Generating /usr/local/google/home/burmako/swift-base/build/Ninja-ReleaseAssert+stdlib-Release/swift-linux-x86_64/./lib/swift/linux/x86_64/StdlibCollectionUnittest.swiftmodule
[46/80][ 57%][96.566s] Compiling /usr/local/google/home/burmako/swift-base/build/Ninja-ReleaseAssert+stdlib-Release/swift-linux-x86_64/stdlib/private/StdlibCollectionUnittest/LINUX/x86_64/StdlibCollectionUnittest.o
[47/80][ 58%][117.703s] Generating /usr/local/google/home/burmako/swift-base/build/Ninja-ReleaseAssert+stdlib-Release/swift-linux-x86_64/./lib/swift/linux/x86_64/TensorFlow.swiftmodule
<unknown>:0: warning: module interfaces are only supported with -enable-library-evolution
[48/80][ 60%][118.119s] Generating /usr/local/google/home/burmako/swift-base/build/Ninja-ReleaseAssert+stdlib-Release/swift-linux-x86_64/./lib/swift/linux/x86_64/TensorFlowUnittest.swiftmodule
[49/80][ 61%][118.276s] Compiling /usr/local/google/home/burmako/swift-base/build/Ninja-ReleaseAssert+stdlib-Release/swift-linux-x86_64/stdlib/private/TensorFlowUnittest/LINUX/x86_64/TensorFlowUnittest.o
[50/80][ 62%][125.143s] Compiling /usr/local/google/home/burmako/swift-base/build/Ninja-ReleaseAssert+stdlib-Release/swift-linux-x86_64/stdlib/public/TensorFlow/LINUX/x86_64/TensorFlow.o
[51/80][ 63%][137.529s] Compiling /usr/local/google/home/burmako/swift-base/build/Ninja-ReleaseAssert+stdlib-Release/swift-linux-x86_64/stdlib/public/core/LINUX/x86_64/Swift.o
[52/80][ 65%][137.670s] Linking CXX shared library lib/swift/linux/x86_64/libswiftCore.so
[53/80][ 66%][137.698s] Generating ../../../lib/swift/linux/libswiftCore.so
[54/80][ 67%][137.736s] Linking CXX shared library lib/swift/linux/x86_64/libswiftSwiftPrivate.so
[55/80][ 68%][137.737s] Linking CXX shared library lib/swift/linux/x86_64/libswiftDifferentiationUnittest.so
[56/80][ 70%][137.737s] Linking CXX shared library lib/swift/linux/x86_64/libswiftGlibc.so
[57/80][ 71%][137.739s] Linking CXX shared library lib/swift/linux/x86_64/libswiftSwiftOnoneSupport.so
[58/80][ 72%][137.748s] Generating ../../../lib/swift/linux/libswiftDifferentiationUnittest.so
[59/80][ 73%][137.748s] Generating ../../../lib/swift/linux/libswiftGlibc.so
[60/80][ 75%][137.754s] Generating ../../../lib/swift/linux/libswiftSwiftPrivate.so
[61/80][ 76%][137.758s] Generating ../../../lib/swift/linux/libswiftSwiftOnoneSupport.so
[62/80][ 77%][137.798s] Linking CXX shared library lib/swift/linux/x86_64/libswiftPython.so
[63/80][ 78%][137.799s] Linking CXX shared library lib/swift/linux/x86_64/libswiftSwiftPrivateThreadExtras.so
[64/80][ 80%][137.802s] Linking CXX shared library lib/swift/linux/x86_64/libswiftSwiftPrivateLibcExtras.so
[65/80][ 81%][137.809s] Generating ../../../lib/swift/linux/libswiftPython.so
[66/80][ 82%][137.811s] Generating ../../../lib/swift/linux/libswiftSwiftPrivateLibcExtras.so
[67/80][ 83%][137.815s] Linking CXX executable bin/swift-reflection-test-linux-x86_64
[68/80][ 85%][137.816s] Generating ../../../lib/swift/linux/libswiftSwiftPrivateThreadExtras.so
[69/80][ 86%][137.863s] Linking CXX shared library lib/swift/linux/x86_64/libswiftStdlibUnittest.so
[70/80][ 87%][137.880s] Generating ../../../lib/swift/linux/libswiftStdlibUnittest.so
[71/80][ 88%][137.905s] Linking CXX shared library lib/swift/linux/x86_64/libswiftTensorFlow.so
[72/80][ 90%][137.928s] Linking CXX shared library lib/swift/linux/x86_64/libswiftRuntimeUnittest.so
[73/80][ 91%][137.928s] Linking CXX shared library lib/swift/linux/x86_64/libswiftStdlibUnicodeUnittest.so
[74/80][ 92%][137.932s] Generating ../../../lib/swift/linux/libswiftTensorFlow.so
[75/80][ 93%][137.939s] Generating ../../../lib/swift/linux/libswiftStdlibUnicodeUnittest.so
[76/80][ 95%][137.943s] Generating ../../../lib/swift/linux/libswiftRuntimeUnittest.so
[77/80][ 96%][137.951s] Linking CXX shared library lib/swift/linux/x86_64/libswiftStdlibCollectionUnittest.so
[78/80][ 97%][137.972s] Generating ../../../lib/swift/linux/libswiftStdlibCollectionUnittest.so
[79/80][ 98%][137.974s] Linking CXX shared library lib/swift/linux/x86_64/libswiftTensorFlowUnittest.so
[80/80][100%][137.984s] Generating ../../../lib/swift/linux/libswiftTensorFlowUnittest.so
--- Building tests for cmark ---
+ /usr/bin/cmake --build /usr/local/google/home/burmako/swift-base/build/Ninja-ReleaseAssert+stdlib-Release/cmark-linux-x86_64 -- -j72 api_test
ninja: no work to do.
--- Running tests for cmark ---
--- test ---
+ /usr/bin/cmake --build /usr/local/google/home/burmako/swift-base/build/Ninja-ReleaseAssert+stdlib-Release/cmark-linux-x86_64 -- -j72 test
[0/1][  0%][0.000s] Running tests...
Test project /usr/local/google/home/burmako/swift-base/build/Ninja-ReleaseAssert+stdlib-Release/cmark-linux-x86_64
    Start 1: api_test
1/9 Test #1: api_test .........................   Passed    0.00 sec
    Start 2: html_normalization
2/9 Test #2: html_normalization ...............   Passed    0.10 sec
    Start 3: spectest_library
3/9 Test #3: spectest_library .................   Passed    0.09 sec
    Start 4: pathological_tests_library
4/9 Test #4: pathological_tests_library .......   Passed    0.84 sec
    Start 5: roundtriptest_library
5/9 Test #5: roundtriptest_library ............   Passed    0.20 sec
    Start 6: entity_library
6/9 Test #6: entity_library ...................   Passed    0.06 sec
    Start 7: spectest_executable
7/9 Test #7: spectest_executable ..............   Passed    1.62 sec
    Start 8: smartpuncttest_executable
8/9 Test #8: smartpuncttest_executable ........   Passed    0.13 sec
    Start 9: regressiontest_executable
9/9 Test #9: regressiontest_executable ........   Passed    0.10 sec

100% tests passed, 0 tests failed out of 9

Total Test time (real) =   3.15 sec
-- test finished --
--- Finished tests for cmark ---
--- Running tests for tensorflow ---
+ pushd /usr/local/google/home/burmako/swift-base/tensorflow
~/swift-base/tensorflow ~/swift-base/swift
+ popd
~/swift-base/swift
Testing TensorFlow is currently not supported.
--- Finished tests for tensorflow ---
--- Building tests for swift ---
+ /usr/bin/cmake --build /usr/local/google/home/burmako/swift-base/build/Ninja-ReleaseAssert+stdlib-Release/swift-linux-x86_64 -- -j72 SwiftUnitTests
[1/15][  6%][0.030s] Performing build step for 'libdispatch'
ninja: no work to do.
[2/13][ 15%][0.143s] Linking CXX executable unittests/SyntaxParser/SwiftSyntaxParserTests
[3/13][ 23%][0.154s] Linking CXX executable unittests/SourceKit/Support/SourceKitSupportTests
[4/13][ 30%][0.163s] Linking CXX executable unittests/runtime/LongTests/SwiftRuntimeLongTests
[5/13][ 38%][0.185s] Linking CXX executable unittests/Basic/SwiftBasicTests
[6/13][ 46%][0.198s] Linking CXX executable unittests/runtime/SwiftRuntimeTests
[7/13][ 53%][0.212s] Linking CXX executable unittests/Driver/SwiftDriverTests
[8/13][ 61%][0.450s] Linking CXX executable unittests/Parse/SwiftParseTests
[9/13][ 69%][0.933s] Linking CXX executable unittests/IDE/SwiftIDETests
[10/13][ 76%][1.242s] Linking CXX executable unittests/AST/SwiftASTTests
[11/13][ 84%][2.040s] Linking CXX executable unittests/ClangImporter/SwiftClangImporterTests
[12/13][ 92%][2.470s] Linking CXX executable unittests/FrontendTool/SwiftFrontendTests
[13/13][100%][2.640s] Linking CXX executable unittests/SourceKit/SwiftLang/SourceKitSwiftLangTests
--- Running tests for swift ---
--- check-swift-validation-linux-x86_64 ---
+ /usr/bin/cmake --build /usr/local/google/home/burmako/swift-base/build/Ninja-ReleaseAssert+stdlib-Release/swift-linux-x86_64 -- -j72 check-swift-validation-linux-x86_64
[1/11][  9%][0.029s] Performing build step for 'libdispatch'
ninja: no work to do.
[1/2][ 50%][0.029s] Running validation Swift tests for x86_64-unknown-linux-gnu
lit.py: /usr/local/google/home/burmako/swift-base/swift/test/lit.cfg:247: note: using swift: /usr/local/google/home/burmako/swift-base/build/Ninja-ReleaseAssert+stdlib-Release/swift-linux-x86_64/bin/swift
lit.py: /usr/local/google/home/burmako/swift-base/swift/test/lit.cfg:247: note: using swiftc: /usr/local/google/home/burmako/swift-base/build/Ninja-ReleaseAssert+stdlib-Release/swift-linux-x86_64/bin/swiftc
lit.py: /usr/local/google/home/burmako/swift-base/swift/test/lit.cfg:247: note: using sil-opt: /usr/local/google/home/burmako/swift-base/build/Ninja-ReleaseAssert+stdlib-Release/swift-linux-x86_64/bin/sil-opt
lit.py: /usr/local/google/home/burmako/swift-base/swift/test/lit.cfg:247: note: using sil-func-extractor: /usr/local/google/home/burmako/swift-base/build/Ninja-ReleaseAssert+stdlib-Release/swift-linux-x86_64/bin/sil-func-extractor
lit.py: /usr/local/google/home/burmako/swift-base/swift/test/lit.cfg:247: note: using sil-llvm-gen: /usr/local/google/home/burmako/swift-base/build/Ninja-ReleaseAssert+stdlib-Release/swift-linux-x86_64/bin/sil-llvm-gen
lit.py: /usr/local/google/home/burmako/swift-base/swift/test/lit.cfg:247: note: using sil-nm: /usr/local/google/home/burmako/swift-base/build/Ninja-ReleaseAssert+stdlib-Release/swift-linux-x86_64/bin/sil-nm
lit.py: /usr/local/google/home/burmako/swift-base/swift/test/lit.cfg:247: note: using sil-passpipeline-dumper: /usr/local/google/home/burmako/swift-base/build/Ninja-ReleaseAssert+stdlib-Release/swift-linux-x86_64/bin/sil-passpipeline-dumper
lit.py: /usr/local/google/home/burmako/swift-base/swift/test/lit.cfg:247: note: using lldb-moduleimport-test: /usr/local/google/home/burmako/swift-base/build/Ninja-ReleaseAssert+stdlib-Release/swift-linux-x86_64/bin/lldb-moduleimport-test
lit.py: /usr/local/google/home/burmako/swift-base/swift/test/lit.cfg:247: note: using swift-ide-test: /usr/local/google/home/burmako/swift-base/build/Ninja-ReleaseAssert+stdlib-Release/swift-linux-x86_64/bin/swift-ide-test
lit.py: /usr/local/google/home/burmako/swift-base/swift/test/lit.cfg:247: note: using swift-syntax-test: /usr/local/google/home/burmako/swift-base/build/Ninja-ReleaseAssert+stdlib-Release/swift-linux-x86_64/bin/swift-syntax-test
lit.py: /usr/local/google/home/burmako/swift-base/swift/test/lit.cfg:247: note: using swift-syntax-parser-test: /usr/local/google/home/burmako/swift-base/build/Ninja-ReleaseAssert+stdlib-Release/swift-linux-x86_64/bin/swift-syntax-parser-test
lit.py: /usr/local/google/home/burmako/swift-base/swift/test/lit.cfg:247: note: using swift-reflection-dump: /usr/local/google/home/burmako/swift-base/build/Ninja-ReleaseAssert+stdlib-Release/swift-linux-x86_64/bin/swift-reflection-dump
lit.py: /usr/local/google/home/burmako/swift-base/swift/test/lit.cfg:247: note: using swift-remoteast-test: /usr/local/google/home/burmako/swift-base/build/Ninja-ReleaseAssert+stdlib-Release/swift-linux-x86_64/bin/swift-remoteast-test
lit.py: /usr/local/google/home/burmako/swift-base/swift/test/lit.cfg:247: note: using swift-format: /usr/local/google/home/burmako/swift-base/build/Ninja-ReleaseAssert+stdlib-Release/swift-linux-x86_64/bin/swift-format
lit.py: /usr/local/google/home/burmako/swift-base/swift/test/lit.cfg:247: note: using clang: /usr/local/google/home/burmako/swift-base/build/Ninja-ReleaseAssert+stdlib-Release/llvm-linux-x86_64/bin/clang
lit.py: /usr/local/google/home/burmako/swift-base/swift/test/lit.cfg:247: note: using llvm-link: /usr/local/google/home/burmako/swift-base/build/Ninja-ReleaseAssert+stdlib-Release/llvm-linux-x86_64/bin/llvm-link
lit.py: /usr/local/google/home/burmako/swift-base/swift/test/lit.cfg:247: note: using swift-llvm-opt: /usr/local/google/home/burmako/swift-base/build/Ninja-ReleaseAssert+stdlib-Release/swift-linux-x86_64/bin/swift-llvm-opt
lit.py: /usr/local/google/home/burmako/swift-base/swift/test/lit.cfg:247: note: using llvm-profdata: /usr/local/google/home/burmako/swift-base/build/Ninja-ReleaseAssert+stdlib-Release/llvm-linux-x86_64/bin/llvm-profdata
lit.py: /usr/local/google/home/burmako/swift-base/swift/test/lit.cfg:247: note: using llvm-cov: /usr/local/google/home/burmako/swift-base/build/Ninja-ReleaseAssert+stdlib-Release/llvm-linux-x86_64/bin/llvm-cov
lit.py: /usr/local/google/home/burmako/swift-base/swift/test/lit.cfg:247: note: using llvm-strings: /usr/local/google/home/burmako/swift-base/build/Ninja-ReleaseAssert+stdlib-Release/llvm-linux-x86_64/bin/llvm-strings
lit.py: /usr/local/google/home/burmako/swift-base/swift/test/lit.cfg:247: note: using FileCheck: /usr/local/google/home/burmako/swift-base/build/Ninja-ReleaseAssert+stdlib-Release/llvm-linux-x86_64/bin/FileCheck
lit.py: /usr/local/google/home/burmako/swift-base/swift/test/lit.cfg:247: note: using llvm-dwarfdump: /usr/local/google/home/burmako/swift-base/build/Ninja-ReleaseAssert+stdlib-Release/llvm-linux-x86_64/bin/llvm-dwarfdump
lit.py: /usr/local/google/home/burmako/swift-base/swift/test/lit.cfg:247: note: using llvm-dis: /usr/local/google/home/burmako/swift-base/build/Ninja-ReleaseAssert+stdlib-Release/llvm-linux-x86_64/bin/llvm-dis
lit.py: /usr/local/google/home/burmako/swift-base/swift/test/lit.cfg:247: note: using sourcekitd-test: /usr/local/google/home/burmako/swift-base/build/Ninja-ReleaseAssert+stdlib-Release/swift-linux-x86_64/bin/sourcekitd-test
lit.py: /usr/local/google/home/burmako/swift-base/swift/test/lit.cfg:247: note: using complete-test: /usr/local/google/home/burmako/swift-base/build/Ninja-ReleaseAssert+stdlib-Release/swift-linux-x86_64/bin/complete-test
lit.py: /usr/local/google/home/burmako/swift-base/swift/test/lit.cfg:247: note: using swift-api-digester: /usr/local/google/home/burmako/swift-base/build/Ninja-ReleaseAssert+stdlib-Release/swift-linux-x86_64/bin/swift-api-digester
lit.py: /usr/local/google/home/burmako/swift-base/swift/test/lit.cfg:247: note: using swift-refactor: /usr/local/google/home/burmako/swift-base/build/Ninja-ReleaseAssert+stdlib-Release/swift-linux-x86_64/bin/swift-refactor
lit.py: /usr/local/google/home/burmako/swift-base/swift/test/lit.cfg:247: note: using swift-demangle-yamldump: /usr/local/google/home/burmako/swift-base/build/Ninja-ReleaseAssert+stdlib-Release/swift-linux-x86_64/bin/swift-demangle-yamldump
lit.py: /usr/local/google/home/burmako/swift-base/swift/test/lit.cfg:250: warning: couldn't find 'Benchmark_O' program, try setting BENCHMARK_O in your environment
lit.py: /usr/local/google/home/burmako/swift-base/swift/test/lit.cfg:250: warning: couldn't find 'Benchmark_Driver' program, try setting BENCHMARK_DRIVER in your environment
lit.py: /usr/local/google/home/burmako/swift-base/swift/test/lit.cfg:317: note: Using resource dir: /usr/local/google/home/burmako/swift-base/build/Ninja-ReleaseAssert+stdlib-Release/swift-linux-x86_64/lib/swift
lit.py: /usr/local/google/home/burmako/swift-base/swift/test/lit.cfg:344: note: Compiling with -swift-version 4
lit.py: /usr/local/google/home/burmako/swift-base/swift/test/lit.cfg:379: note: Using Clang module cache: /usr/local/google/home/burmako/swift-base/build/Ninja-ReleaseAssert+stdlib-Release/swift-linux-x86_64/swift-test-results/x86_64-unknown-linux-gnu/clang-module-cache
lit.py: /usr/local/google/home/burmako/swift-base/swift/test/lit.cfg:380: note: Using test results dir: /usr/local/google/home/burmako/swift-base/build/Ninja-ReleaseAssert+stdlib-Release/swift-linux-x86_64/./swift-test-results/x86_64-unknown-linux-gnu
lit.py: /usr/local/google/home/burmako/swift-base/swift/test/lit.cfg:385: note: Using code completion cache: /usr/local/google/home/burmako/swift-base/build/Ninja-ReleaseAssert+stdlib-Release/swift-linux-x86_64/swift-test-results/x86_64-unknown-linux-gnu/completion-cache
lit.py: /usr/local/google/home/burmako/swift-base/swift/test/lit.cfg:1012: note: Testing Linux x86_64-unknown-linux-gnu
lit.py: /usr/local/google/home/burmako/swift-base/swift/test/lit.cfg:247: note: using swift-autolink-extract: /usr/local/google/home/burmako/swift-base/build/Ninja-ReleaseAssert+stdlib-Release/swift-linux-x86_64/bin/swift-autolink-extract
lit.py: /usr/local/google/home/burmako/swift-base/swift/test/lit.cfg:1431: note: Using platform module dir: /usr/local/google/home/burmako/swift-base/build/Ninja-ReleaseAssert+stdlib-Release/swift-linux-x86_64/lib/swift/linux/x86_64
lit.py: /usr/local/google/home/burmako/swift-base/swift/test/lit.cfg:1451: note: Testing with the just-built libraries at /usr/local/google/home/burmako/swift-base/build/Ninja-ReleaseAssert+stdlib-Release/swift-linux-x86_64/lib/swift/linux/x86_64
lit.py: /usr/local/google/home/burmako/swift-base/swift/test/lit.cfg:1664: note: Running tests on Debian-rodete
lit.py: /usr/local/google/home/burmako/swift-base/swift/test/lit.cfg:1667: note: Available features: CMAKE_GENERATOR=Ninja, CODEGENERATOR=AArch64, CODEGENERATOR=ARM, CODEGENERATOR=Mips, CODEGENERATOR=PowerPC, CODEGENERATOR=SystemZ, CODEGENERATOR=X86, CPU=x86_64, LinuxDistribution=Debian-rodete, OS=linux-gnu, PTRSIZE=64, SWIFT_VERSION=4, asan_runtime, asserts, autolink-extract, crash-recovery, executable_test, fuzzer_runtime, libxml2, no_asan, no_lto, nonexecutable_test, optimized_stdlib, optimized_stdlib_x86_64, sftp_server, shell, sourcekit, sourcekit_use_inproc_library, swift-remoteast-test, swift_interpreter, swift_stdlib_no_asserts, swift_test_mode_optimize_none, swift_test_mode_optimize_none_x86_64, swift_tools_extra, syntax_parser_lib, tensorflow, ubsan_runtime
lit.py: /usr/local/google/home/burmako/swift-base/swift/test/lit.cfg:247: note: using swift: /usr/local/google/home/burmako/swift-base/build/Ninja-ReleaseAssert+stdlib-Release/swift-linux-x86_64/bin/swift
lit.py: /usr/local/google/home/burmako/swift-base/swift/test/lit.cfg:247: note: using swiftc: /usr/local/google/home/burmako/swift-base/build/Ninja-ReleaseAssert+stdlib-Release/swift-linux-x86_64/bin/swiftc
lit.py: /usr/local/google/home/burmako/swift-base/swift/test/lit.cfg:247: note: using sil-opt: /usr/local/google/home/burmako/swift-base/build/Ninja-ReleaseAssert+stdlib-Release/swift-linux-x86_64/bin/sil-opt
lit.py: /usr/local/google/home/burmako/swift-base/swift/test/lit.cfg:247: note: using sil-func-extractor: /usr/local/google/home/burmako/swift-base/build/Ninja-ReleaseAssert+stdlib-Release/swift-linux-x86_64/bin/sil-func-extractor
lit.py: /usr/local/google/home/burmako/swift-base/swift/test/lit.cfg:247: note: using sil-llvm-gen: /usr/local/google/home/burmako/swift-base/build/Ninja-ReleaseAssert+stdlib-Release/swift-linux-x86_64/bin/sil-llvm-gen
lit.py: /usr/local/google/home/burmako/swift-base/swift/test/lit.cfg:247: note: using sil-nm: /usr/local/google/home/burmako/swift-base/build/Ninja-ReleaseAssert+stdlib-Release/swift-linux-x86_64/bin/sil-nm
lit.py: /usr/local/google/home/burmako/swift-base/swift/test/lit.cfg:247: note: using sil-passpipeline-dumper: /usr/local/google/home/burmako/swift-base/build/Ninja-ReleaseAssert+stdlib-Release/swift-linux-x86_64/bin/sil-passpipeline-dumper
lit.py: /usr/local/google/home/burmako/swift-base/swift/test/lit.cfg:247: note: using lldb-moduleimport-test: /usr/local/google/home/burmako/swift-base/build/Ninja-ReleaseAssert+stdlib-Release/swift-linux-x86_64/bin/lldb-moduleimport-test
lit.py: /usr/local/google/home/burmako/swift-base/swift/test/lit.cfg:247: note: using swift-ide-test: /usr/local/google/home/burmako/swift-base/build/Ninja-ReleaseAssert+stdlib-Release/swift-linux-x86_64/bin/swift-ide-test
lit.py: /usr/local/google/home/burmako/swift-base/swift/test/lit.cfg:247: note: using swift-syntax-test: /usr/local/google/home/burmako/swift-base/build/Ninja-ReleaseAssert+stdlib-Release/swift-linux-x86_64/bin/swift-syntax-test
lit.py: /usr/local/google/home/burmako/swift-base/swift/test/lit.cfg:247: note: using swift-reflection-dump: /usr/local/google/home/burmako/swift-base/build/Ninja-ReleaseAssert+stdlib-Release/swift-linux-x86_64/bin/swift-reflection-dump
lit.py: /usr/local/google/home/burmako/swift-base/swift/test/lit.cfg:247: note: using swift-remoteast-test: /usr/local/google/home/burmako/swift-base/build/Ninja-ReleaseAssert+stdlib-Release/swift-linux-x86_64/bin/swift-remoteast-test
lit.py: /usr/local/google/home/burmako/swift-base/swift/test/lit.cfg:247: note: using swift-format: /usr/local/google/home/burmako/swift-base/build/Ninja-ReleaseAssert+stdlib-Release/swift-linux-x86_64/bin/swift-format
lit.py: /usr/local/google/home/burmako/swift-base/swift/test/lit.cfg:247: note: using clang: /usr/local/google/home/burmako/swift-base/build/Ninja-ReleaseAssert+stdlib-Release/llvm-linux-x86_64/bin/clang
lit.py: /usr/local/google/home/burmako/swift-base/swift/test/lit.cfg:247: note: using llvm-link: /usr/local/google/home/burmako/swift-base/build/Ninja-ReleaseAssert+stdlib-Release/llvm-linux-x86_64/bin/llvm-link
lit.py: /usr/local/google/home/burmako/swift-base/swift/test/lit.cfg:247: note: using swift-llvm-opt: /usr/local/google/home/burmako/swift-base/build/Ninja-ReleaseAssert+stdlib-Release/swift-linux-x86_64/bin/swift-llvm-opt
lit.py: /usr/local/google/home/burmako/swift-base/swift/test/lit.cfg:247: note: using llvm-profdata: /usr/local/google/home/burmako/swift-base/build/Ninja-ReleaseAssert+stdlib-Release/llvm-linux-x86_64/bin/llvm-profdata
lit.py: /usr/local/google/home/burmako/swift-base/swift/test/lit.cfg:247: note: using llvm-cov: /usr/local/google/home/burmako/swift-base/build/Ninja-ReleaseAssert+stdlib-Release/llvm-linux-x86_64/bin/llvm-cov
lit.py: /usr/local/google/home/burmako/swift-base/swift/test/lit.cfg:247: note: using llvm-strings: /usr/local/google/home/burmako/swift-base/build/Ninja-ReleaseAssert+stdlib-Release/llvm-linux-x86_64/bin/llvm-strings
lit.py: /usr/local/google/home/burmako/swift-base/swift/test/lit.cfg:247: note: using FileCheck: /usr/local/google/home/burmako/swift-base/build/Ninja-ReleaseAssert+stdlib-Release/llvm-linux-x86_64/bin/FileCheck
lit.py: /usr/local/google/home/burmako/swift-base/swift/test/lit.cfg:247: note: using llvm-dwarfdump: /usr/local/google/home/burmako/swift-base/build/Ninja-ReleaseAssert+stdlib-Release/llvm-linux-x86_64/bin/llvm-dwarfdump
lit.py: /usr/local/google/home/burmako/swift-base/swift/test/lit.cfg:247: note: using llvm-dis: /usr/local/google/home/burmako/swift-base/build/Ninja-ReleaseAssert+stdlib-Release/llvm-linux-x86_64/bin/llvm-dis
lit.py: /usr/local/google/home/burmako/swift-base/swift/test/lit.cfg:247: note: using sourcekitd-test: /usr/local/google/home/burmako/swift-base/build/Ninja-ReleaseAssert+stdlib-Release/swift-linux-x86_64/bin/sourcekitd-test
lit.py: /usr/local/google/home/burmako/swift-base/swift/test/lit.cfg:247: note: using complete-test: /usr/local/google/home/burmako/swift-base/build/Ninja-ReleaseAssert+stdlib-Release/swift-linux-x86_64/bin/complete-test
lit.py: /usr/local/google/home/burmako/swift-base/swift/test/lit.cfg:247: note: using swift-api-digester: /usr/local/google/home/burmako/swift-base/build/Ninja-ReleaseAssert+stdlib-Release/swift-linux-x86_64/bin/swift-api-digester
lit.py: /usr/local/google/home/burmako/swift-base/swift/test/lit.cfg:247: note: using swift-refactor: /usr/local/google/home/burmako/swift-base/build/Ninja-ReleaseAssert+stdlib-Release/swift-linux-x86_64/bin/swift-refactor
lit.py: /usr/local/google/home/burmako/swift-base/swift/test/lit.cfg:247: note: using swift-demangle-yamldump: /usr/local/google/home/burmako/swift-base/build/Ninja-ReleaseAssert+stdlib-Release/swift-linux-x86_64/bin/swift-demangle-yamldump
lit.py: /usr/local/google/home/burmako/swift-base/swift/test/lit.cfg:250: warning: couldn't find 'Benchmark_O' program, try setting BENCHMARK_O in your environment
lit.py: /usr/local/google/home/burmako/swift-base/swift/test/lit.cfg:250: warning: couldn't find 'Benchmark_Driver' program, try setting BENCHMARK_DRIVER in your environment
lit.py: /usr/local/google/home/burmako/swift-base/swift/test/lit.cfg:317: note: Using resource dir: /usr/local/google/home/burmako/swift-base/build/Ninja-ReleaseAssert+stdlib-Release/swift-linux-x86_64/lib/swift
lit.py: /usr/local/google/home/burmako/swift-base/swift/test/lit.cfg:344: note: Compiling with -swift-version 4
lit.py: /usr/local/google/home/burmako/swift-base/swift/test/lit.cfg:379: note: Using Clang module cache: /usr/local/google/home/burmako/swift-base/build/Ninja-ReleaseAssert+stdlib-Release/swift-linux-x86_64/swift-test-results/x86_64-unknown-linux-gnu/clang-module-cache
lit.py: /usr/local/google/home/burmako/swift-base/swift/test/lit.cfg:380: note: Using test results dir: /usr/local/google/home/burmako/swift-base/build/Ninja-ReleaseAssert+stdlib-Release/swift-linux-x86_64/./swift-test-results/x86_64-unknown-linux-gnu
lit.py: /usr/local/google/home/burmako/swift-base/swift/test/lit.cfg:385: note: Using code completion cache: /usr/local/google/home/burmako/swift-base/build/Ninja-ReleaseAssert+stdlib-Release/swift-linux-x86_64/swift-test-results/x86_64-unknown-linux-gnu/completion-cache
lit.py: /usr/local/google/home/burmako/swift-base/swift/test/lit.cfg:1012: note: Testing Linux x86_64-unknown-linux-gnu
lit.py: /usr/local/google/home/burmako/swift-base/swift/test/lit.cfg:247: note: using swift-autolink-extract: /usr/local/google/home/burmako/swift-base/build/Ninja-ReleaseAssert+stdlib-Release/swift-linux-x86_64/bin/swift-autolink-extract
lit.py: /usr/local/google/home/burmako/swift-base/swift/test/lit.cfg:1431: note: Using platform module dir: /usr/local/google/home/burmako/swift-base/build/Ninja-ReleaseAssert+stdlib-Release/swift-linux-x86_64/lib/swift/linux/x86_64
lit.py: /usr/local/google/home/burmako/swift-base/swift/test/lit.cfg:1451: note: Testing with the just-built libraries at /usr/local/google/home/burmako/swift-base/build/Ninja-ReleaseAssert+stdlib-Release/swift-linux-x86_64/lib/swift/linux/x86_64
lit.py: /usr/local/google/home/burmako/swift-base/swift/test/lit.cfg:1664: note: Running tests on Debian-rodete
lit.py: /usr/local/google/home/burmako/swift-base/swift/test/lit.cfg:1667: note: Available features: CMAKE_GENERATOR=Ninja, CODEGENERATOR=AArch64, CODEGENERATOR=ARM, CODEGENERATOR=Mips, CODEGENERATOR=PowerPC, CODEGENERATOR=SystemZ, CODEGENERATOR=X86, CPU=x86_64, LinuxDistribution=Debian-rodete, OS=linux-gnu, PTRSIZE=64, SWIFT_VERSION=4, asan_runtime, asserts, autolink-extract, crash-recovery, executable_test, fuzzer_runtime, no_asan, no_lto, nonexecutable_test, optimized_stdlib, optimized_stdlib_x86_64, sftp_server, shell, sourcekit, swift-remoteast-test, swift_interpreter, swift_stdlib_no_asserts, swift_test_mode_optimize_none, swift_test_mode_optimize_none_x86_64, tools-release, ubsan_runtime
-- Testing: 12116 tests, 72 threads --
Testing: 0 .. 10.. 20.. 30.. 40.. 50.. 60.. 70.. 80.. 90.. 

4 warning(s) in tests.
Testing Time: 62.60s
  Expected Passes    : 10696
  Expected Failures  : 28
  Unsupported Tests  : 1392
-- check-swift-validation-linux-x86_64 finished --
--- check-swift-validation-optimize-linux-x86_64 ---
+ /usr/bin/cmake --build /usr/local/google/home/burmako/swift-base/build/Ninja-ReleaseAssert+stdlib-Release/swift-linux-x86_64 -- -j72 check-swift-validation-optimize-linux-x86_64
[1/11][  9%][0.027s] Performing build step for 'libdispatch'
ninja: no work to do.
[1/2][ 50%][0.028s] Running validation Swift tests for x86_64-unknown-linux-gnu
lit.py: /usr/local/google/home/burmako/swift-base/swift/test/lit.cfg:247: note: using swift: /usr/local/google/home/burmako/swift-base/build/Ninja-ReleaseAssert+stdlib-Release/swift-linux-x86_64/bin/swift
lit.py: /usr/local/google/home/burmako/swift-base/swift/test/lit.cfg:247: note: using swiftc: /usr/local/google/home/burmako/swift-base/build/Ninja-ReleaseAssert+stdlib-Release/swift-linux-x86_64/bin/swiftc
lit.py: /usr/local/google/home/burmako/swift-base/swift/test/lit.cfg:247: note: using sil-opt: /usr/local/google/home/burmako/swift-base/build/Ninja-ReleaseAssert+stdlib-Release/swift-linux-x86_64/bin/sil-opt
lit.py: /usr/local/google/home/burmako/swift-base/swift/test/lit.cfg:247: note: using sil-func-extractor: /usr/local/google/home/burmako/swift-base/build/Ninja-ReleaseAssert+stdlib-Release/swift-linux-x86_64/bin/sil-func-extractor
lit.py: /usr/local/google/home/burmako/swift-base/swift/test/lit.cfg:247: note: using sil-llvm-gen: /usr/local/google/home/burmako/swift-base/build/Ninja-ReleaseAssert+stdlib-Release/swift-linux-x86_64/bin/sil-llvm-gen
lit.py: /usr/local/google/home/burmako/swift-base/swift/test/lit.cfg:247: note: using sil-nm: /usr/local/google/home/burmako/swift-base/build/Ninja-ReleaseAssert+stdlib-Release/swift-linux-x86_64/bin/sil-nm
lit.py: /usr/local/google/home/burmako/swift-base/swift/test/lit.cfg:247: note: using sil-passpipeline-dumper: /usr/local/google/home/burmako/swift-base/build/Ninja-ReleaseAssert+stdlib-Release/swift-linux-x86_64/bin/sil-passpipeline-dumper
lit.py: /usr/local/google/home/burmako/swift-base/swift/test/lit.cfg:247: note: using lldb-moduleimport-test: /usr/local/google/home/burmako/swift-base/build/Ninja-ReleaseAssert+stdlib-Release/swift-linux-x86_64/bin/lldb-moduleimport-test
lit.py: /usr/local/google/home/burmako/swift-base/swift/test/lit.cfg:247: note: using swift-ide-test: /usr/local/google/home/burmako/swift-base/build/Ninja-ReleaseAssert+stdlib-Release/swift-linux-x86_64/bin/swift-ide-test
lit.py: /usr/local/google/home/burmako/swift-base/swift/test/lit.cfg:247: note: using swift-syntax-test: /usr/local/google/home/burmako/swift-base/build/Ninja-ReleaseAssert+stdlib-Release/swift-linux-x86_64/bin/swift-syntax-test
lit.py: /usr/local/google/home/burmako/swift-base/swift/test/lit.cfg:247: note: using swift-syntax-parser-test: /usr/local/google/home/burmako/swift-base/build/Ninja-ReleaseAssert+stdlib-Release/swift-linux-x86_64/bin/swift-syntax-parser-test
lit.py: /usr/local/google/home/burmako/swift-base/swift/test/lit.cfg:247: note: using swift-reflection-dump: /usr/local/google/home/burmako/swift-base/build/Ninja-ReleaseAssert+stdlib-Release/swift-linux-x86_64/bin/swift-reflection-dump
lit.py: /usr/local/google/home/burmako/swift-base/swift/test/lit.cfg:247: note: using swift-remoteast-test: /usr/local/google/home/burmako/swift-base/build/Ninja-ReleaseAssert+stdlib-Release/swift-linux-x86_64/bin/swift-remoteast-test
lit.py: /usr/local/google/home/burmako/swift-base/swift/test/lit.cfg:247: note: using swift-format: /usr/local/google/home/burmako/swift-base/build/Ninja-ReleaseAssert+stdlib-Release/swift-linux-x86_64/bin/swift-format
lit.py: /usr/local/google/home/burmako/swift-base/swift/test/lit.cfg:247: note: using clang: /usr/local/google/home/burmako/swift-base/build/Ninja-ReleaseAssert+stdlib-Release/llvm-linux-x86_64/bin/clang
lit.py: /usr/local/google/home/burmako/swift-base/swift/test/lit.cfg:247: note: using llvm-link: /usr/local/google/home/burmako/swift-base/build/Ninja-ReleaseAssert+stdlib-Release/llvm-linux-x86_64/bin/llvm-link
lit.py: /usr/local/google/home/burmako/swift-base/swift/test/lit.cfg:247: note: using swift-llvm-opt: /usr/local/google/home/burmako/swift-base/build/Ninja-ReleaseAssert+stdlib-Release/swift-linux-x86_64/bin/swift-llvm-opt
lit.py: /usr/local/google/home/burmako/swift-base/swift/test/lit.cfg:247: note: using llvm-profdata: /usr/local/google/home/burmako/swift-base/build/Ninja-ReleaseAssert+stdlib-Release/llvm-linux-x86_64/bin/llvm-profdata
lit.py: /usr/local/google/home/burmako/swift-base/swift/test/lit.cfg:247: note: using llvm-cov: /usr/local/google/home/burmako/swift-base/build/Ninja-ReleaseAssert+stdlib-Release/llvm-linux-x86_64/bin/llvm-cov
lit.py: /usr/local/google/home/burmako/swift-base/swift/test/lit.cfg:247: note: using llvm-strings: /usr/local/google/home/burmako/swift-base/build/Ninja-ReleaseAssert+stdlib-Release/llvm-linux-x86_64/bin/llvm-strings
lit.py: /usr/local/google/home/burmako/swift-base/swift/test/lit.cfg:247: note: using FileCheck: /usr/local/google/home/burmako/swift-base/build/Ninja-ReleaseAssert+stdlib-Release/llvm-linux-x86_64/bin/FileCheck
lit.py: /usr/local/google/home/burmako/swift-base/swift/test/lit.cfg:247: note: using llvm-dwarfdump: /usr/local/google/home/burmako/swift-base/build/Ninja-ReleaseAssert+stdlib-Release/llvm-linux-x86_64/bin/llvm-dwarfdump
lit.py: /usr/local/google/home/burmako/swift-base/swift/test/lit.cfg:247: note: using llvm-dis: /usr/local/google/home/burmako/swift-base/build/Ninja-ReleaseAssert+stdlib-Release/llvm-linux-x86_64/bin/llvm-dis
lit.py: /usr/local/google/home/burmako/swift-base/swift/test/lit.cfg:247: note: using sourcekitd-test: /usr/local/google/home/burmako/swift-base/build/Ninja-ReleaseAssert+stdlib-Release/swift-linux-x86_64/bin/sourcekitd-test
lit.py: /usr/local/google/home/burmako/swift-base/swift/test/lit.cfg:247: note: using complete-test: /usr/local/google/home/burmako/swift-base/build/Ninja-ReleaseAssert+stdlib-Release/swift-linux-x86_64/bin/complete-test
lit.py: /usr/local/google/home/burmako/swift-base/swift/test/lit.cfg:247: note: using swift-api-digester: /usr/local/google/home/burmako/swift-base/build/Ninja-ReleaseAssert+stdlib-Release/swift-linux-x86_64/bin/swift-api-digester
lit.py: /usr/local/google/home/burmako/swift-base/swift/test/lit.cfg:247: note: using swift-refactor: /usr/local/google/home/burmako/swift-base/build/Ninja-ReleaseAssert+stdlib-Release/swift-linux-x86_64/bin/swift-refactor
lit.py: /usr/local/google/home/burmako/swift-base/swift/test/lit.cfg:247: note: using swift-demangle-yamldump: /usr/local/google/home/burmako/swift-base/build/Ninja-ReleaseAssert+stdlib-Release/swift-linux-x86_64/bin/swift-demangle-yamldump
lit.py: /usr/local/google/home/burmako/swift-base/swift/test/lit.cfg:250: warning: couldn't find 'Benchmark_O' program, try setting BENCHMARK_O in your environment
lit.py: /usr/local/google/home/burmako/swift-base/swift/test/lit.cfg:250: warning: couldn't find 'Benchmark_Driver' program, try setting BENCHMARK_DRIVER in your environment
lit.py: /usr/local/google/home/burmako/swift-base/swift/test/lit.cfg:317: note: Using resource dir: /usr/local/google/home/burmako/swift-base/build/Ninja-ReleaseAssert+stdlib-Release/swift-linux-x86_64/lib/swift
lit.py: /usr/local/google/home/burmako/swift-base/swift/test/lit.cfg:344: note: Compiling with -swift-version 4
lit.py: /usr/local/google/home/burmako/swift-base/swift/test/lit.cfg:379: note: Using Clang module cache: /usr/local/google/home/burmako/swift-base/build/Ninja-ReleaseAssert+stdlib-Release/swift-linux-x86_64/swift-test-results/x86_64-unknown-linux-gnu/clang-module-cache
lit.py: /usr/local/google/home/burmako/swift-base/swift/test/lit.cfg:380: note: Using test results dir: /usr/local/google/home/burmako/swift-base/build/Ninja-ReleaseAssert+stdlib-Release/swift-linux-x86_64/./swift-test-results/x86_64-unknown-linux-gnu
lit.py: /usr/local/google/home/burmako/swift-base/swift/test/lit.cfg:385: note: Using code completion cache: /usr/local/google/home/burmako/swift-base/build/Ninja-ReleaseAssert+stdlib-Release/swift-linux-x86_64/swift-test-results/x86_64-unknown-linux-gnu/completion-cache
lit.py: /usr/local/google/home/burmako/swift-base/swift/test/lit.cfg:1012: note: Testing Linux x86_64-unknown-linux-gnu
lit.py: /usr/local/google/home/burmako/swift-base/swift/test/lit.cfg:247: note: using swift-autolink-extract: /usr/local/google/home/burmako/swift-base/build/Ninja-ReleaseAssert+stdlib-Release/swift-linux-x86_64/bin/swift-autolink-extract
lit.py: /usr/local/google/home/burmako/swift-base/swift/test/lit.cfg:1431: note: Using platform module dir: /usr/local/google/home/burmako/swift-base/build/Ninja-ReleaseAssert+stdlib-Release/swift-linux-x86_64/lib/swift/linux/x86_64
lit.py: /usr/local/google/home/burmako/swift-base/swift/test/lit.cfg:1451: note: Testing with the just-built libraries at /usr/local/google/home/burmako/swift-base/build/Ninja-ReleaseAssert+stdlib-Release/swift-linux-x86_64/lib/swift/linux/x86_64
lit.py: /usr/local/google/home/burmako/swift-base/swift/test/lit.cfg:1664: note: Running tests on Debian-rodete
lit.py: /usr/local/google/home/burmako/swift-base/swift/test/lit.cfg:1667: note: Available features: CMAKE_GENERATOR=Ninja, CODEGENERATOR=AArch64, CODEGENERATOR=ARM, CODEGENERATOR=Mips, CODEGENERATOR=PowerPC, CODEGENERATOR=SystemZ, CODEGENERATOR=X86, CPU=x86_64, LinuxDistribution=Debian-rodete, OS=linux-gnu, PTRSIZE=64, SWIFT_VERSION=4, asan_runtime, asserts, autolink-extract, crash-recovery, executable_test, fuzzer_runtime, libxml2, no_asan, no_lto, optimized_stdlib, optimized_stdlib_x86_64, sftp_server, shell, sourcekit, sourcekit_use_inproc_library, swift-remoteast-test, swift_interpreter, swift_stdlib_no_asserts, swift_test_mode_optimize, swift_test_mode_optimize_x86_64, swift_tools_extra, syntax_parser_lib, tensorflow, ubsan_runtime
lit.py: /usr/local/google/home/burmako/swift-base/swift/test/lit.cfg:247: note: using swift: /usr/local/google/home/burmako/swift-base/build/Ninja-ReleaseAssert+stdlib-Release/swift-linux-x86_64/bin/swift
lit.py: /usr/local/google/home/burmako/swift-base/swift/test/lit.cfg:247: note: using swiftc: /usr/local/google/home/burmako/swift-base/build/Ninja-ReleaseAssert+stdlib-Release/swift-linux-x86_64/bin/swiftc
lit.py: /usr/local/google/home/burmako/swift-base/swift/test/lit.cfg:247: note: using sil-opt: /usr/local/google/home/burmako/swift-base/build/Ninja-ReleaseAssert+stdlib-Release/swift-linux-x86_64/bin/sil-opt
lit.py: /usr/local/google/home/burmako/swift-base/swift/test/lit.cfg:247: note: using sil-func-extractor: /usr/local/google/home/burmako/swift-base/build/Ninja-ReleaseAssert+stdlib-Release/swift-linux-x86_64/bin/sil-func-extractor
lit.py: /usr/local/google/home/burmako/swift-base/swift/test/lit.cfg:247: note: using sil-llvm-gen: /usr/local/google/home/burmako/swift-base/build/Ninja-ReleaseAssert+stdlib-Release/swift-linux-x86_64/bin/sil-llvm-gen
lit.py: /usr/local/google/home/burmako/swift-base/swift/test/lit.cfg:247: note: using sil-nm: /usr/local/google/home/burmako/swift-base/build/Ninja-ReleaseAssert+stdlib-Release/swift-linux-x86_64/bin/sil-nm
lit.py: /usr/local/google/home/burmako/swift-base/swift/test/lit.cfg:247: note: using sil-passpipeline-dumper: /usr/local/google/home/burmako/swift-base/build/Ninja-ReleaseAssert+stdlib-Release/swift-linux-x86_64/bin/sil-passpipeline-dumper
lit.py: /usr/local/google/home/burmako/swift-base/swift/test/lit.cfg:247: note: using lldb-moduleimport-test: /usr/local/google/home/burmako/swift-base/build/Ninja-ReleaseAssert+stdlib-Release/swift-linux-x86_64/bin/lldb-moduleimport-test
lit.py: /usr/local/google/home/burmako/swift-base/swift/test/lit.cfg:247: note: using swift-ide-test: /usr/local/google/home/burmako/swift-base/build/Ninja-ReleaseAssert+stdlib-Release/swift-linux-x86_64/bin/swift-ide-test
lit.py: /usr/local/google/home/burmako/swift-base/swift/test/lit.cfg:247: note: using swift-syntax-test: /usr/local/google/home/burmako/swift-base/build/Ninja-ReleaseAssert+stdlib-Release/swift-linux-x86_64/bin/swift-syntax-test
lit.py: /usr/local/google/home/burmako/swift-base/swift/test/lit.cfg:247: note: using swift-reflection-dump: /usr/local/google/home/burmako/swift-base/build/Ninja-ReleaseAssert+stdlib-Release/swift-linux-x86_64/bin/swift-reflection-dump
lit.py: /usr/local/google/home/burmako/swift-base/swift/test/lit.cfg:247: note: using swift-remoteast-test: /usr/local/google/home/burmako/swift-base/build/Ninja-ReleaseAssert+stdlib-Release/swift-linux-x86_64/bin/swift-remoteast-test
lit.py: /usr/local/google/home/burmako/swift-base/swift/test/lit.cfg:247: note: using swift-format: /usr/local/google/home/burmako/swift-base/build/Ninja-ReleaseAssert+stdlib-Release/swift-linux-x86_64/bin/swift-format
lit.py: /usr/local/google/home/burmako/swift-base/swift/test/lit.cfg:247: note: using clang: /usr/local/google/home/burmako/swift-base/build/Ninja-ReleaseAssert+stdlib-Release/llvm-linux-x86_64/bin/clang
lit.py: /usr/local/google/home/burmako/swift-base/swift/test/lit.cfg:247: note: using llvm-link: /usr/local/google/home/burmako/swift-base/build/Ninja-ReleaseAssert+stdlib-Release/llvm-linux-x86_64/bin/llvm-link
lit.py: /usr/local/google/home/burmako/swift-base/swift/test/lit.cfg:247: note: using swift-llvm-opt: /usr/local/google/home/burmako/swift-base/build/Ninja-ReleaseAssert+stdlib-Release/swift-linux-x86_64/bin/swift-llvm-opt
lit.py: /usr/local/google/home/burmako/swift-base/swift/test/lit.cfg:247: note: using llvm-profdata: /usr/local/google/home/burmako/swift-base/build/Ninja-ReleaseAssert+stdlib-Release/llvm-linux-x86_64/bin/llvm-profdata
lit.py: /usr/local/google/home/burmako/swift-base/swift/test/lit.cfg:247: note: using llvm-cov: /usr/local/google/home/burmako/swift-base/build/Ninja-ReleaseAssert+stdlib-Release/llvm-linux-x86_64/bin/llvm-cov
lit.py: /usr/local/google/home/burmako/swift-base/swift/test/lit.cfg:247: note: using llvm-strings: /usr/local/google/home/burmako/swift-base/build/Ninja-ReleaseAssert+stdlib-Release/llvm-linux-x86_64/bin/llvm-strings
lit.py: /usr/local/google/home/burmako/swift-base/swift/test/lit.cfg:247: note: using FileCheck: /usr/local/google/home/burmako/swift-base/build/Ninja-ReleaseAssert+stdlib-Release/llvm-linux-x86_64/bin/FileCheck
lit.py: /usr/local/google/home/burmako/swift-base/swift/test/lit.cfg:247: note: using llvm-dwarfdump: /usr/local/google/home/burmako/swift-base/build/Ninja-ReleaseAssert+stdlib-Release/llvm-linux-x86_64/bin/llvm-dwarfdump
lit.py: /usr/local/google/home/burmako/swift-base/swift/test/lit.cfg:247: note: using llvm-dis: /usr/local/google/home/burmako/swift-base/build/Ninja-ReleaseAssert+stdlib-Release/llvm-linux-x86_64/bin/llvm-dis
lit.py: /usr/local/google/home/burmako/swift-base/swift/test/lit.cfg:247: note: using sourcekitd-test: /usr/local/google/home/burmako/swift-base/build/Ninja-ReleaseAssert+stdlib-Release/swift-linux-x86_64/bin/sourcekitd-test
lit.py: /usr/local/google/home/burmako/swift-base/swift/test/lit.cfg:247: note: using complete-test: /usr/local/google/home/burmako/swift-base/build/Ninja-ReleaseAssert+stdlib-Release/swift-linux-x86_64/bin/complete-test
lit.py: /usr/local/google/home/burmako/swift-base/swift/test/lit.cfg:247: note: using swift-api-digester: /usr/local/google/home/burmako/swift-base/build/Ninja-ReleaseAssert+stdlib-Release/swift-linux-x86_64/bin/swift-api-digester
lit.py: /usr/local/google/home/burmako/swift-base/swift/test/lit.cfg:247: note: using swift-refactor: /usr/local/google/home/burmako/swift-base/build/Ninja-ReleaseAssert+stdlib-Release/swift-linux-x86_64/bin/swift-refactor
lit.py: /usr/local/google/home/burmako/swift-base/swift/test/lit.cfg:247: note: using swift-demangle-yamldump: /usr/local/google/home/burmako/swift-base/build/Ninja-ReleaseAssert+stdlib-Release/swift-linux-x86_64/bin/swift-demangle-yamldump
lit.py: /usr/local/google/home/burmako/swift-base/swift/test/lit.cfg:250: warning: couldn't find 'Benchmark_O' program, try setting BENCHMARK_O in your environment
lit.py: /usr/local/google/home/burmako/swift-base/swift/test/lit.cfg:250: warning: couldn't find 'Benchmark_Driver' program, try setting BENCHMARK_DRIVER in your environment
lit.py: /usr/local/google/home/burmako/swift-base/swift/test/lit.cfg:317: note: Using resource dir: /usr/local/google/home/burmako/swift-base/build/Ninja-ReleaseAssert+stdlib-Release/swift-linux-x86_64/lib/swift
lit.py: /usr/local/google/home/burmako/swift-base/swift/test/lit.cfg:344: note: Compiling with -swift-version 4
lit.py: /usr/local/google/home/burmako/swift-base/swift/test/lit.cfg:379: note: Using Clang module cache: /usr/local/google/home/burmako/swift-base/build/Ninja-ReleaseAssert+stdlib-Release/swift-linux-x86_64/swift-test-results/x86_64-unknown-linux-gnu/clang-module-cache
lit.py: /usr/local/google/home/burmako/swift-base/swift/test/lit.cfg:380: note: Using test results dir: /usr/local/google/home/burmako/swift-base/build/Ninja-ReleaseAssert+stdlib-Release/swift-linux-x86_64/./swift-test-results/x86_64-unknown-linux-gnu
lit.py: /usr/local/google/home/burmako/swift-base/swift/test/lit.cfg:385: note: Using code completion cache: /usr/local/google/home/burmako/swift-base/build/Ninja-ReleaseAssert+stdlib-Release/swift-linux-x86_64/swift-test-results/x86_64-unknown-linux-gnu/completion-cache
lit.py: /usr/local/google/home/burmako/swift-base/swift/test/lit.cfg:1012: note: Testing Linux x86_64-unknown-linux-gnu
lit.py: /usr/local/google/home/burmako/swift-base/swift/test/lit.cfg:247: note: using swift-autolink-extract: /usr/local/google/home/burmako/swift-base/build/Ninja-ReleaseAssert+stdlib-Release/swift-linux-x86_64/bin/swift-autolink-extract
lit.py: /usr/local/google/home/burmako/swift-base/swift/test/lit.cfg:1431: note: Using platform module dir: /usr/local/google/home/burmako/swift-base/build/Ninja-ReleaseAssert+stdlib-Release/swift-linux-x86_64/lib/swift/linux/x86_64
lit.py: /usr/local/google/home/burmako/swift-base/swift/test/lit.cfg:1451: note: Testing with the just-built libraries at /usr/local/google/home/burmako/swift-base/build/Ninja-ReleaseAssert+stdlib-Release/swift-linux-x86_64/lib/swift/linux/x86_64
lit.py: /usr/local/google/home/burmako/swift-base/swift/test/lit.cfg:1664: note: Running tests on Debian-rodete
lit.py: /usr/local/google/home/burmako/swift-base/swift/test/lit.cfg:1667: note: Available features: CMAKE_GENERATOR=Ninja, CODEGENERATOR=AArch64, CODEGENERATOR=ARM, CODEGENERATOR=Mips, CODEGENERATOR=PowerPC, CODEGENERATOR=SystemZ, CODEGENERATOR=X86, CPU=x86_64, LinuxDistribution=Debian-rodete, OS=linux-gnu, PTRSIZE=64, SWIFT_VERSION=4, asan_runtime, asserts, autolink-extract, crash-recovery, executable_test, fuzzer_runtime, no_asan, no_lto, optimized_stdlib, optimized_stdlib_x86_64, sftp_server, shell, sourcekit, swift-remoteast-test, swift_interpreter, swift_stdlib_no_asserts, swift_test_mode_optimize, swift_test_mode_optimize_x86_64, tools-release, ubsan_runtime
-- Testing: 12116 tests, 72 threads --
Testing: 0 .. 10.. 20.. 30.. 40.. 50.. 60.. 70.. 80.. 90.. 

4 warning(s) in tests.
Testing Time: 38.10s
  Expected Passes    : 1171
  Expected Failures  : 9
  Unsupported Tests  : 10936
-- check-swift-validation-optimize-linux-x86_64 finished --
--- Finished tests for swift ---
['--workspace', '/usr/local/google/home/burmako/swift-base', '--build-dir', '/usr/local/google/home/burmako/swift-base/build/Ninja-ReleaseAssert+stdlib-Release', '--install-prefix', '/usr', '--host-target', 'linux-x86_64', '--stdlib-deployment-targets', 'linux-x86_64', '--host-cc', '/usr/bin/clang', '--host-cxx', '/usr/bin/clang++', '--darwin-xcrun-toolchain', 'default', '--darwin-deployment-version-osx=10.9', '--darwin-deployment-version-ios=7.0', '--darwin-deployment-version-tvos=9.0', '--darwin-deployment-version-watchos=2.0', '--cmake', '/usr/bin/cmake', '--cmark-build-type', 'Release', '--llvm-build-type', 'Release', '--swift-build-type', 'Release', '--swift-stdlib-build-type', 'Release', '--lldb-build-type', 'Release', '--lldb-build-with-xcode', '0', '--foundation-build-type', 'Release', '--libdispatch-build-type', 'Release', '--libicu-build-type', 'Release', '--xctest-build-type', 'Release', '--swiftpm-build-type', 'Release', '--swiftsyntax-build-type', 'Release', '--skstresstester-build-type', 'Release', '--swiftevolve-build-type', 'Release', '--llbuild-build-type', 'Release', '--swift-enable-assertions', 'true', '--swift-stdlib-enable-assertions', 'false', '--swift-analyze-code-coverage', 'false', '--llbuild-enable-assertions', 'true', '--lldb-assertions', 'true', '--cmake-generator', 'Ninja', '--build-jobs', '72', '--common-cmake-options=-G Ninja -DCMAKE_C_COMPILER:PATH=/usr/bin/clang -DCMAKE_CXX_COMPILER:PATH=/usr/bin/clang++ -DCMAKE_LIBTOOL:PATH= -DLLVM_VERSION_MAJOR:STRING=7 -DLLVM_VERSION_MINOR:STRING=0 -DLLVM_VERSION_PATCH:STRING=0 -DCLANG_VERSION_MAJOR:STRING=7 -DCLANG_VERSION_MINOR:STRING=0 -DCLANG_VERSION_PATCH:STRING=0 -DCMAKE_MAKE_PROGRAM=/usr/bin/ninja', '--build-args=-j72', '--llvm-cmake-options=-DLLVM_ENABLE_ASSERTIONS:BOOL=TRUE -DLLVM_TARGETS_TO_BUILD=X86;ARM;AArch64;PowerPC;SystemZ;Mips', '--swift-cmake-options=-DCMAKE_EXPORT_COMPILE_COMMANDS=TRUE -DSWIFT_FORCE_OPTIMIZED_TYPECHECKER:BOOL=FALSE -DSWIFT_STDLIB_ENABLE_STDLIBCORE_EXCLUSIVITY_CHECKING:BOOL=FALSE', '--build-stdlib-deployment-targets', 'all', '--ninja-bin=/usr/bin/ninja', '--install-destdir', '/usr/local/google/home/burmako/swift-base/build/Ninja-ReleaseAssert+stdlib-Release/toolchain-linux-x86_64', '--skip-build-foundation', '--skip-build-xctest', '--skip-build-lldb', '--skip-build-llbuild', '--skip-build-libcxx', '--skip-build-libdispatch', '--skip-build-libicu', '--skip-build-swiftpm', '--skip-build-swiftsyntax', '--skip-build-skstresstester', '--skip-build-swiftevolve', '--skip-build-playgroundsupport', '--build-swift-dynamic-stdlib', '--build-swift-dynamic-sdk-overlay', '--skip-build-ios-device', '--skip-build-ios-simulator', '--skip-build-tvos-device', '--skip-build-tvos-simulator', '--skip-build-watchos-device', '--skip-build-watchos-simulator', '--skip-build-android', '--skip-test-ios-host', '--skip-test-ios-simulator', '--skip-test-tvos-host', '--skip-test-tvos-simulator', '--skip-test-watchos-host', '--skip-test-watchos-simulator', '--skip-test-android', '--skip-test-android-host', '--validation-test', '--skip-test-benchmarks', '--skip-test-optimize-for-size', '--skip-test-optimize-none-with-implicit-dynamic', '--android-deploy-device-path', '/data/local/tmp', '--enable-tensorflow', '--host-bazel', '/usr/local/bin/bazel']
Building the standard library for: swift-stdlib-linux-x86_64
Running Swift tests for: check-swift-validation-linux-x86_64 check-swift-validation-optimize-linux-x86_64
